:DIR ././bin
:FILE ././bin/armabs
:FILE ././bin/armacp
:FILE ././bin/armacpia
:FILE ././bin/armadv
:FILE ././bin/armar
:FILE ././bin/armasm
:FILE ././bin/armcg
:FILE ././bin/armcl
:FILE ././bin/armclist
:FILE ././bin/armdem
:FILE ././bin/armdis
:FILE ././bin/armembed
:FILE ././bin/armhex
:FILE ././bin/armilk
:FILE ././bin/armlibinfo
:FILE ././bin/armlnk
:FILE ././bin/armnm
:FILE ././bin/armofd
:FILE ././bin/armopt
:FILE ././bin/armstrip
:FILE ././bin/armxref
:FILE ././LICENSE.txt
:FILE ././DefectHistory.txt
:FILE ././misra.txt
:FILE ././README.txt
:DIR ././docs
:DIR ././docs/dinkum
:DIR ././docs/dinkum/c++
:FILE ././docs/dinkum/c++/_index.html
:FILE ././docs/dinkum/c++/algorith.html
:FILE ././docs/dinkum/c++/assert.html
:FILE ././docs/dinkum/c++/bitset.html
:FILE ././docs/dinkum/c++/cassert.html
:FILE ././docs/dinkum/c++/cctype.html
:FILE ././docs/dinkum/c++/cerrno.html
:FILE ././docs/dinkum/c++/cfloat.html
:FILE ././docs/dinkum/c++/charset.html
:FILE ././docs/dinkum/c++/ciso646.html
:FILE ././docs/dinkum/c++/climits.html
:FILE ././docs/dinkum/c++/clocale.html
:FILE ././docs/dinkum/c++/cmath.html
:FILE ././docs/dinkum/c++/complex.html
:FILE ././docs/dinkum/c++/crit_hp.html
:FILE ././docs/dinkum/c++/crit_pb.html
:FILE ././docs/dinkum/c++/crit_pjp.html
:FILE ././docs/dinkum/c++/csetjmp.html
:FILE ././docs/dinkum/c++/csignal.html
:FILE ././docs/dinkum/c++/cstdarg.html
:FILE ././docs/dinkum/c++/cstddef.html
:FILE ././docs/dinkum/c++/cstdio.html
:FILE ././docs/dinkum/c++/cstdlib.html
:FILE ././docs/dinkum/c++/cstring.html
:FILE ././docs/dinkum/c++/ctime.html
:FILE ././docs/dinkum/c++/ctype.gif
:FILE ././docs/dinkum/c++/ctype.html
:FILE ././docs/dinkum/c++/cwchar.html
:FILE ././docs/dinkum/c++/cwctype.html
:FILE ././docs/dinkum/c++/deque.html
:FILE ././docs/dinkum/c++/errno.html
:FILE ././docs/dinkum/c++/escape.gif
:FILE ././docs/dinkum/c++/exceptio.html
:FILE ././docs/dinkum/c++/express.html
:FILE ././docs/dinkum/c++/float.html
:FILE ././docs/dinkum/c++/format.gif
:FILE ././docs/dinkum/c++/fstream.html
:FILE ././docs/dinkum/c++/fstream2.html
:FILE ././docs/dinkum/c++/functio2.html
:FILE ././docs/dinkum/c++/function.html
:FILE ././docs/dinkum/c++/hash_map.html
:FILE ././docs/dinkum/c++/hash_set.html
:FILE ././docs/dinkum/c++/index.html
:FILE ././docs/dinkum/c++/iomanip.html
:FILE ././docs/dinkum/c++/iomanip2.html
:FILE ././docs/dinkum/c++/ios.html
:FILE ././docs/dinkum/c++/iosfwd.html
:FILE ././docs/dinkum/c++/iostrea2.html
:FILE ././docs/dinkum/c++/iostream.html
:FILE ././docs/dinkum/c++/iso646.html
:FILE ././docs/dinkum/c++/istream.html
:FILE ././docs/dinkum/c++/iterator.html
:FILE ././docs/dinkum/c++/lib_cont.html
:FILE ././docs/dinkum/c++/lib_cpp.html
:FILE ././docs/dinkum/c++/lib_file.html
:FILE ././docs/dinkum/c++/lib_over.html
:FILE ././docs/dinkum/c++/lib_prin.html
:FILE ././docs/dinkum/c++/lib_scan.html
:FILE ././docs/dinkum/c++/lib_stl.html
:FILE ././docs/dinkum/c++/limits.html
:FILE ././docs/dinkum/c++/limits2.html
:FILE ././docs/dinkum/c++/list.html
:FILE ././docs/dinkum/c++/locale.html
:FILE ././docs/dinkum/c++/locale2.html
:FILE ././docs/dinkum/c++/map.html
:FILE ././docs/dinkum/c++/math.html
:FILE ././docs/dinkum/c++/memory.html
:FILE ././docs/dinkum/c++/new.html
:FILE ././docs/dinkum/c++/new2.html
:FILE ././docs/dinkum/c++/numeric.html
:FILE ././docs/dinkum/c++/ostream.html
:FILE ././docs/dinkum/c++/preproc.html
:FILE ././docs/dinkum/c++/print.gif
:FILE ././docs/dinkum/c++/queue.html
:FILE ././docs/dinkum/c++/README.txt
:FILE ././docs/dinkum/c++/scan.gif
:FILE ././docs/dinkum/c++/set.html
:FILE ././docs/dinkum/c++/setjmp.html
:FILE ././docs/dinkum/c++/signal.html
:FILE ././docs/dinkum/c++/slist.html
:FILE ././docs/dinkum/c++/sstream.html
:FILE ././docs/dinkum/c++/stack.html
:FILE ././docs/dinkum/c++/stdarg.html
:FILE ././docs/dinkum/c++/stddef.html
:FILE ././docs/dinkum/c++/stdexcep.html
:FILE ././docs/dinkum/c++/stdio.html
:FILE ././docs/dinkum/c++/stdlib.html
:FILE ././docs/dinkum/c++/stl.html
:FILE ././docs/dinkum/c++/stream.gif
:FILE ././docs/dinkum/c++/streambu.html
:FILE ././docs/dinkum/c++/string.html
:FILE ././docs/dinkum/c++/string2.html
:FILE ././docs/dinkum/c++/strstrea.html
:FILE ././docs/dinkum/c++/strtod.gif
:FILE ././docs/dinkum/c++/strtod0.gif
:FILE ././docs/dinkum/c++/strtodx.gif
:FILE ././docs/dinkum/c++/strtol.gif
:FILE ././docs/dinkum/c++/time.gif
:FILE ././docs/dinkum/c++/time.html
:FILE ././docs/dinkum/c++/typeinfo.html
:FILE ././docs/dinkum/c++/utility.html
:FILE ././docs/dinkum/c++/valarray.html
:FILE ././docs/dinkum/c++/vector.html
:FILE ././docs/dinkum/c++/wchar.html
:FILE ././docs/dinkum/c++/wctype.html
:DIR ././docs/dinkum/c99
:FILE ././docs/dinkum/c99/_index.html
:FILE ././docs/dinkum/c99/assert.html
:FILE ././docs/dinkum/c99/charset.html
:FILE ././docs/dinkum/c99/complex2.html
:FILE ././docs/dinkum/c99/crit_pb.html
:FILE ././docs/dinkum/c99/ctype.gif
:FILE ././docs/dinkum/c99/ctype.html
:FILE ././docs/dinkum/c99/errno.html
:FILE ././docs/dinkum/c99/escape.gif
:FILE ././docs/dinkum/c99/express.html
:FILE ././docs/dinkum/c99/fenv.html
:FILE ././docs/dinkum/c99/float.html
:FILE ././docs/dinkum/c99/format.gif
:FILE ././docs/dinkum/c99/function.html
:FILE ././docs/dinkum/c99/index.html
:FILE ././docs/dinkum/c99/inttypes.html
:FILE ././docs/dinkum/c99/iso646.html
:FILE ././docs/dinkum/c99/lib_file.html
:FILE ././docs/dinkum/c99/lib_over.html
:FILE ././docs/dinkum/c99/lib_prin.html
:FILE ././docs/dinkum/c99/lib_scan.html
:FILE ././docs/dinkum/c99/limits.html
:FILE ././docs/dinkum/c99/locale.html
:FILE ././docs/dinkum/c99/math.html
:FILE ././docs/dinkum/c99/preproc.html
:FILE ././docs/dinkum/c99/print.gif
:FILE ././docs/dinkum/c99/README.txt
:FILE ././docs/dinkum/c99/scan.gif
:FILE ././docs/dinkum/c99/setjmp.html
:FILE ././docs/dinkum/c99/signal.html
:FILE ././docs/dinkum/c99/stdarg.html
:FILE ././docs/dinkum/c99/stdbool.html
:FILE ././docs/dinkum/c99/stddef.html
:FILE ././docs/dinkum/c99/stdint.html
:FILE ././docs/dinkum/c99/stdio.html
:FILE ././docs/dinkum/c99/stdlib.html
:FILE ././docs/dinkum/c99/stream.gif
:FILE ././docs/dinkum/c99/string.html
:FILE ././docs/dinkum/c99/strtod.gif
:FILE ././docs/dinkum/c99/strtod0.gif
:FILE ././docs/dinkum/c99/strtodx.gif
:FILE ././docs/dinkum/c99/strtol.gif
:FILE ././docs/dinkum/c99/tgmath.html
:FILE ././docs/dinkum/c99/time.gif
:FILE ././docs/dinkum/c99/time.html
:FILE ././docs/dinkum/c99/wchar.html
:FILE ././docs/dinkum/c99/wctype.html
:DIR ././docs/dinkum/embedded
:FILE ././docs/dinkum/embedded/_index.html
:FILE ././docs/dinkum/embedded/assert.html
:FILE ././docs/dinkum/embedded/cassert.html
:FILE ././docs/dinkum/embedded/cctype.html
:FILE ././docs/dinkum/embedded/cerrno.html
:FILE ././docs/dinkum/embedded/cfloat.html
:FILE ././docs/dinkum/embedded/charset.html
:FILE ././docs/dinkum/embedded/climits.html
:FILE ././docs/dinkum/embedded/clocale.html
:FILE ././docs/dinkum/embedded/cmath.html
:FILE ././docs/dinkum/embedded/complex.html
:FILE ././docs/dinkum/embedded/crit_pb.html
:FILE ././docs/dinkum/embedded/crit_pjp.html
:FILE ././docs/dinkum/embedded/csetjmp.html
:FILE ././docs/dinkum/embedded/csignal.html
:FILE ././docs/dinkum/embedded/cstdarg.html
:FILE ././docs/dinkum/embedded/cstddef.html
:FILE ././docs/dinkum/embedded/cstdio.html
:FILE ././docs/dinkum/embedded/cstdlib.html
:FILE ././docs/dinkum/embedded/cstring.html
:FILE ././docs/dinkum/embedded/ctime.html
:FILE ././docs/dinkum/embedded/ctype.gif
:FILE ././docs/dinkum/embedded/ctype.html
:FILE ././docs/dinkum/embedded/errno.html
:FILE ././docs/dinkum/embedded/escape.gif
:FILE ././docs/dinkum/embedded/exceptio.html
:FILE ././docs/dinkum/embedded/express.html
:FILE ././docs/dinkum/embedded/float.html
:FILE ././docs/dinkum/embedded/format.gif
:FILE ././docs/dinkum/embedded/fstream.html
:FILE ././docs/dinkum/embedded/fstream2.html
:FILE ././docs/dinkum/embedded/function.html
:FILE ././docs/dinkum/embedded/index.html
:FILE ././docs/dinkum/embedded/iomanip.html
:FILE ././docs/dinkum/embedded/iomanip2.html
:FILE ././docs/dinkum/embedded/ios.html
:FILE ././docs/dinkum/embedded/iosfwd.html
:FILE ././docs/dinkum/embedded/iostrea2.html
:FILE ././docs/dinkum/embedded/iostream.html
:FILE ././docs/dinkum/embedded/istream.html
:FILE ././docs/dinkum/embedded/lib_cpp.html
:FILE ././docs/dinkum/embedded/lib_file.html
:FILE ././docs/dinkum/embedded/lib_over.html
:FILE ././docs/dinkum/embedded/lib_prin.html
:FILE ././docs/dinkum/embedded/lib_scan.html
:FILE ././docs/dinkum/embedded/limits.html
:FILE ././docs/dinkum/embedded/locale.html
:FILE ././docs/dinkum/embedded/math.html
:FILE ././docs/dinkum/embedded/new.html
:FILE ././docs/dinkum/embedded/new2.html
:FILE ././docs/dinkum/embedded/ostream.html
:FILE ././docs/dinkum/embedded/preproc.html
:FILE ././docs/dinkum/embedded/print.gif
:FILE ././docs/dinkum/embedded/README.txt
:FILE ././docs/dinkum/embedded/scan.gif
:FILE ././docs/dinkum/embedded/setjmp.html
:FILE ././docs/dinkum/embedded/signal.html
:FILE ././docs/dinkum/embedded/sstream.html
:FILE ././docs/dinkum/embedded/stdarg.html
:FILE ././docs/dinkum/embedded/stddef.html
:FILE ././docs/dinkum/embedded/stdexcep.html
:FILE ././docs/dinkum/embedded/stdio.html
:FILE ././docs/dinkum/embedded/stdlib.html
:FILE ././docs/dinkum/embedded/stream.gif
:FILE ././docs/dinkum/embedded/streambu.html
:FILE ././docs/dinkum/embedded/string.html
:FILE ././docs/dinkum/embedded/string2.html
:FILE ././docs/dinkum/embedded/strstrea.html
:FILE ././docs/dinkum/embedded/strtod.gif
:FILE ././docs/dinkum/embedded/strtod0.gif
:FILE ././docs/dinkum/embedded/strtodx.gif
:FILE ././docs/dinkum/embedded/strtol.gif
:FILE ././docs/dinkum/embedded/time.gif
:FILE ././docs/dinkum/embedded/time.html
:DIR ././include
:FILE ././include/_data_synch.h
:FILE ././include/_fmt_specifier.h
:FILE ././include/_isfuncdcl.h
:FILE ././include/_isfuncdef.h
:FILE ././include/_lock.h
:FILE ././include/_mutex.h
:FILE ././include/_pthread.h
:FILE ././include/_reg_mutex_api.h
:FILE ././include/_reg_synch_api.h
:FILE ././include/_tls.h
:FILE ././include/access.h
:FILE ././include/algorithm
:FILE ././include/assert.h
:FILE ././include/bitset
:FILE ././include/cassert
:FILE ././include/cctype
:FILE ././include/cerrno
:FILE ././include/cfloat
:FILE ././include/ciso646
:FILE ././include/climits
:FILE ././include/clocale
:FILE ././include/cmath
:FILE ././include/Compiler.h
:FILE ././include/Compiler_Cfg.h
:FILE ././include/complex
:FILE ././include/cpy_tbl.h
:FILE ././include/crc_tbl.h
:FILE ././include/csetjmp
:FILE ././include/csignal
:FILE ././include/cstdarg
:FILE ././include/cstddef
:FILE ././include/cstdio
:FILE ././include/cstdlib
:FILE ././include/cstring
:FILE ././include/ctime
:FILE ././include/ctype.h
:FILE ././include/cwchar
:FILE ././include/cwctype
:FILE ././include/deque
:FILE ././include/elf_linkage.h
:FILE ././include/errno.h
:FILE ././include/etsi.h
:FILE ././include/exception
:FILE ././include/fenv.h
:FILE ././include/file.h
:FILE ././include/float.h
:FILE ././include/fstream
:FILE ././include/fstream.h
:FILE ././include/functional
:FILE ././include/hash_map
:FILE ././include/hash_set
:FILE ././include/inttypes.h
:FILE ././include/iomanip
:FILE ././include/iomanip.h
:FILE ././include/ios
:FILE ././include/iosfwd
:FILE ././include/iostream
:FILE ././include/iostream.h
:FILE ././include/iso646.h
:FILE ././include/istream
:FILE ././include/iterator
:FILE ././include/limits
:FILE ././include/limits.h
:FILE ././include/linkage.h
:FILE ././include/list
:FILE ././include/locale
:FILE ././include/locale.h
:FILE ././include/map
:FILE ././include/math.h
:FILE ././include/mathcpp.h
:FILE ././include/memory
:FILE ././include/new
:FILE ././include/new.h
:FILE ././include/numeric
:FILE ././include/ostream
:FILE ././include/Platform_Types.h
:FILE ././include/queue
:FILE ././include/rope
:FILE ././include/set
:FILE ././include/setjmp.h
:FILE ././include/signal.h
:FILE ././include/slist
:FILE ././include/sstream
:FILE ././include/stack
:FILE ././include/Std_Types.h
:FILE ././include/stdarg.h
:FILE ././include/stdbool.h
:FILE ././include/stddef.h
:FILE ././include/stdexcept
:FILE ././include/stdint.h
:FILE ././include/stdio.h
:FILE ././include/stdiostream.h
:FILE ././include/stdlib.h
:FILE ././include/stl.h
:FILE ././include/streambuf
:FILE ././include/string
:FILE ././include/string.h
:FILE ././include/strings.h
:FILE ././include/strstream
:FILE ././include/strstream.h
:FILE ././include/time.h
:FILE ././include/typeinfo
:FILE ././include/unaccess.h
:FILE ././include/utility
:FILE ././include/valarray
:FILE ././include/vector
:FILE ././include/wchar.h
:FILE ././include/wchar.hx
:FILE ././include/wctype.h
:FILE ././include/xcomplex
:FILE ././include/xdebug
:FILE ././include/xhash
:FILE ././include/xiosbase
:FILE ././include/xlocale
:FILE ././include/xlocinfo
:FILE ././include/xlocinfo.h
:FILE ././include/xlocmes
:FILE ././include/xlocmon
:FILE ././include/xlocnum
:FILE ././include/xloctime
:FILE ././include/xmemory
:FILE ././include/xstddef
:FILE ././include/xstring
:FILE ././include/xtree
:FILE ././include/xutility
:FILE ././include/xwcc.h
:FILE ././include/ymath.h
:FILE ././include/yvals.h
:DIR ././lib
:FILE ././lib/libc.a
:FILE ././lib/lnk.cmd
:FILE ././lib/mklib
:FILE ././lib/mklib.c
:FILE ././lib/mklib.exe
:FILE ././lib/RTS_5_1_3_Manifest.pdf
:FILE ././lib/rtssrc.zip
:FILE ././lib/rtsv5_A_le_eabi.lib
:FILE ././lib/rtsv7A8_T_le_n_v3_eabi.lib
:FILE ././lib/rtsv7M3_T_le_eabi.lib
:FILE ././lib/rtsv7M3_T_le_xo_eabi.lib
:FILE ././lib/rtsv7M4_T_le_v4SPD16_eabi.lib
:FILE ././lib/rtsv7M4_T_le_v4SPD16_xo_eabi.lib
:FILE ././lib/rtsv7R4_T_be_eabi.lib
:FILE ././lib/rtsv7R4_T_be_v3D16_eabi.lib
:FILE ././lib/rtsv7R4_T_le_v3D16_eabi.lib
:DIR ././lib/src
:FILE ././lib/src/_bufread.c
:FILE ././lib/src/_data_synch.c
:FILE ././lib/src/_data_synch.h
:FILE ././lib/src/_dtor_list.h
:FILE ././lib/src/_fmt_specifier.h
:FILE ././lib/src/_io_perm.c
:FILE ././lib/src/_isfuncdcl.h
:FILE ././lib/src/_isfuncdef.h
:FILE ././lib/src/_lock.c
:FILE ././lib/src/_lock.h
:FILE ././lib/src/_mutex.c
:FILE ././lib/src/_mutex.h
:FILE ././lib/src/_printfi.c
:FILE ././lib/src/_printfi_min.c
:FILE ././lib/src/_printfi_nf.c
:FILE ././lib/src/_pthread.c
:FILE ././lib/src/_pthread.h
:FILE ././lib/src/_reg_mutex_api.h
:FILE ././lib/src/_reg_synch_api.h
:FILE ././lib/src/_scanfi.c
:FILE ././lib/src/_scanfi_min.c
:FILE ././lib/src/_scanfi_nf.c
:FILE ././lib/src/_tls.h
:FILE ././lib/src/_tvaltostr.c
:FILE ././lib/src/abs.c
:FILE ././lib/src/access.h
:FILE ././lib/src/acos.c
:FILE ././lib/src/acosf.c
:FILE ././lib/src/acosh.c
:FILE ././lib/src/acoshf.c
:FILE ././lib/src/acoshl.c
:FILE ././lib/src/acosl.c
:FILE ././lib/src/aeabi_ctype.asm
:FILE ././lib/src/aeabi_portable.c
:FILE ././lib/src/algorithm
:FILE ././lib/src/args_main.c
:FILE ././lib/src/array_del.cpp
:FILE ././lib/src/array_new.cpp
:FILE ././lib/src/array_nodel.cpp
:FILE ././lib/src/array_nonew.cpp
:FILE ././lib/src/array_pdel.cpp
:FILE ././lib/src/array_pnew.cpp
:FILE ././lib/src/asctime.c
:FILE ././lib/src/asin.c
:FILE ././lib/src/asinf.c
:FILE ././lib/src/asinh.c
:FILE ././lib/src/asinhf.c
:FILE ././lib/src/asinhl.c
:FILE ././lib/src/asinl.c
:FILE ././lib/src/assert.c
:FILE ././lib/src/assert.h
:FILE ././lib/src/atan.c
:FILE ././lib/src/atan2.c
:FILE ././lib/src/atan2f.c
:FILE ././lib/src/atan2l.c
:FILE ././lib/src/atanf.c
:FILE ././lib/src/atanh.c
:FILE ././lib/src/atanhf.c
:FILE ././lib/src/atanhl.c
:FILE ././lib/src/atanl.c
:FILE ././lib/src/atexit.c
:FILE ././lib/src/atof.c
:FILE ././lib/src/atoi.c
:FILE ././lib/src/atol.c
:FILE ././lib/src/atoll.c
:FILE ././lib/src/auto_init.asm
:FILE ././lib/src/basics.h
:FILE ././lib/src/bcmp.c
:FILE ././lib/src/bcopy.c
:FILE ././lib/src/bitset
:FILE ././lib/src/boot.asm
:FILE ././lib/src/bsearch.c
:FILE ././lib/src/bzero.c
:FILE ././lib/src/cargs.h
:FILE ././lib/src/cassert
:FILE ././lib/src/cbrt.c
:FILE ././lib/src/cbrtf.c
:FILE ././lib/src/cbrtl.c
:FILE ././lib/src/cctype
:FILE ././lib/src/ceil.c
:FILE ././lib/src/ceilf.c
:FILE ././lib/src/ceill.c
:FILE ././lib/src/cerrno
:FILE ././lib/src/cfloat
:FILE ././lib/src/ciso646
:FILE ././lib/src/clearerr.c
:FILE ././lib/src/climits
:FILE ././lib/src/clocale
:FILE ././lib/src/clock.c
:FILE ././lib/src/cmath
:FILE ././lib/src/Compiler.h
:FILE ././lib/src/Compiler_Cfg.h
:FILE ././lib/src/complex
:FILE ././lib/src/config.h
:FILE ././lib/src/copy_decompress_lzss.c
:FILE ././lib/src/copy_decompress_none.c
:FILE ././lib/src/copy_decompress_rle.c
:FILE ././lib/src/copy_zero_init.c
:FILE ././lib/src/copysign.c
:FILE ././lib/src/copysignf.c
:FILE ././lib/src/copysignl.c
:FILE ././lib/src/cos.c
:FILE ././lib/src/cosf.c
:FILE ././lib/src/cosh.c
:FILE ././lib/src/coshf.c
:FILE ././lib/src/coshl.c
:FILE ././lib/src/cosl.c
:FILE ././lib/src/cpy_tbl.c
:FILE ././lib/src/cpy_tbl.h
:FILE ././lib/src/crc_tbl.h
:FILE ././lib/src/csetjmp
:FILE ././lib/src/csignal
:FILE ././lib/src/cstdarg
:FILE ././lib/src/cstddef
:FILE ././lib/src/cstdio
:FILE ././lib/src/cstdlib
:FILE ././lib/src/cstring
:FILE ././lib/src/ctime
:FILE ././lib/src/ctime_.c
:FILE ././lib/src/ctype.c
:FILE ././lib/src/ctype.h
:FILE ././lib/src/cwchar
:FILE ././lib/src/cwctype
:FILE ././lib/src/cxxabi.h
:FILE ././lib/src/decode.c
:FILE ././lib/src/defines.h
:FILE ././lib/src/defs.c
:FILE ././lib/src/delete.cpp
:FILE ././lib/src/delnothrow.cpp
:FILE ././lib/src/deque
:FILE ././lib/src/difftime.c
:FILE ././lib/src/div.c
:FILE ././lib/src/dtor_list.cpp
:FILE ././lib/src/dtor_list.h
:FILE ././lib/src/ecvt.c
:FILE ././lib/src/eh.h
:FILE ././lib/src/eh_util.cpp
:FILE ././lib/src/elf_linkage.h
:FILE ././lib/src/erf.c
:FILE ././lib/src/erfc.c
:FILE ././lib/src/erfcf.c
:FILE ././lib/src/erfcl.c
:FILE ././lib/src/erff.c
:FILE ././lib/src/erfl.c
:FILE ././lib/src/errno.c
:FILE ././lib/src/errno.h
:FILE ././lib/src/error.cpp
:FILE ././lib/src/error.h
:FILE ././lib/src/etsi.h
:FILE ././lib/src/etsi_funcs.c
:FILE ././lib/src/exception
:FILE ././lib/src/exit.c
:FILE ././lib/src/exp.c
:FILE ././lib/src/exp2.c
:FILE ././lib/src/exp2f.c
:FILE ././lib/src/exp2l.c
:FILE ././lib/src/expf.c
:FILE ././lib/src/expl.c
:FILE ././lib/src/expm1.c
:FILE ././lib/src/expm1f.c
:FILE ././lib/src/expm1l.c
:FILE ././lib/src/fabs.c
:FILE ././lib/src/fabsf.c
:FILE ././lib/src/fabsl.c
:FILE ././lib/src/fclose.c
:FILE ././lib/src/fcvt.c
:FILE ././lib/src/fd_add16.asm
:FILE ././lib/src/fd_add32.asm
:FILE ././lib/src/fd_add_t2.asm
:FILE ././lib/src/fd_cmp16.asm
:FILE ././lib/src/fd_cmp32.asm
:FILE ././lib/src/fd_cmp_t2.asm
:FILE ././lib/src/fd_div16.asm
:FILE ././lib/src/fd_div32.asm
:FILE ././lib/src/fd_div_t2.asm
:FILE ././lib/src/fd_eabi.asm
:FILE ././lib/src/fd_eabi16.asm
:FILE ././lib/src/fd_eabi_t2.asm
:FILE ././lib/src/fd_mul16.asm
:FILE ././lib/src/fd_mul32.asm
:FILE ././lib/src/fd_mul_t2.asm
:FILE ././lib/src/fd_toi16.asm
:FILE ././lib/src/fd_toi32.asm
:FILE ././lib/src/fd_toi_t2.asm
:FILE ././lib/src/fd_toll16.asm
:FILE ././lib/src/fd_toll32.asm
:FILE ././lib/src/fd_toll_t2.asm
:FILE ././lib/src/fd_toll_ti_vfp.c
:FILE ././lib/src/fd_tos16.asm
:FILE ././lib/src/fd_tos32.asm
:FILE ././lib/src/fd_tos_t2.asm
:FILE ././lib/src/fd_tou16.asm
:FILE ././lib/src/fd_tou32.asm
:FILE ././lib/src/fd_tou_t2.asm
:FILE ././lib/src/fd_toull16.asm
:FILE ././lib/src/fd_toull32.asm
:FILE ././lib/src/fd_toull_t2.asm
:FILE ././lib/src/fd_toull_ti_vfp.c
:FILE ././lib/src/fdim.c
:FILE ././lib/src/fdimf.c
:FILE ././lib/src/fdiml.c
:FILE ././lib/src/feclearexcept.c
:FILE ././lib/src/fegetexceptflag.c
:FILE ././lib/src/feholdexcept.c
:FILE ././lib/src/fenv.h
:FILE ././lib/src/feof.c
:FILE ././lib/src/feraiseexcept.c
:FILE ././lib/src/ferror.c
:FILE ././lib/src/fesetenv.c
:FILE ././lib/src/fesetexceptflag.c
:FILE ././lib/src/fetestexcept.c
:FILE ././lib/src/feupdateenv.c
:FILE ././lib/src/fflush.c
:FILE ././lib/src/ffs.c
:FILE ././lib/src/fgetc.c
:FILE ././lib/src/fgetpos.c
:FILE ././lib/src/fgets.c
:FILE ././lib/src/file.h
:FILE ././lib/src/fiopen.cpp
:FILE ././lib/src/float.h
:FILE ././lib/src/floor.c
:FILE ././lib/src/floorf.c
:FILE ././lib/src/floorl.c
:FILE ././lib/src/fma.c
:FILE ././lib/src/fmaf.c
:FILE ././lib/src/fmal.c
:FILE ././lib/src/fmax.c
:FILE ././lib/src/fmaxf.c
:FILE ././lib/src/fmaxl.c
:FILE ././lib/src/fmin.c
:FILE ././lib/src/fminf.c
:FILE ././lib/src/fminl.c
:FILE ././lib/src/fmod.c
:FILE ././lib/src/fmodf.c
:FILE ././lib/src/fmodl.c
:FILE ././lib/src/fopen.c
:FILE ././lib/src/format.h
:FILE ././lib/src/fprintf.c
:FILE ././lib/src/fputc.c
:FILE ././lib/src/fputs.c
:FILE ././lib/src/fread.c
:FILE ././lib/src/frexp.c
:FILE ././lib/src/frexpf.c
:FILE ././lib/src/frexpl.c
:FILE ././lib/src/fs_add16.asm
:FILE ././lib/src/fs_add32.asm
:FILE ././lib/src/fs_add_t2.asm
:FILE ././lib/src/fs_cmp16.asm
:FILE ././lib/src/fs_cmp32.asm
:FILE ././lib/src/fs_cmp_t2.asm
:FILE ././lib/src/fs_div16.asm
:FILE ././lib/src/fs_div32.asm
:FILE ././lib/src/fs_div_t2.asm
:FILE ././lib/src/fs_eabi.asm
:FILE ././lib/src/fs_eabi16.asm
:FILE ././lib/src/fs_eabi_t2.asm
:FILE ././lib/src/fs_mul16.asm
:FILE ././lib/src/fs_mul32.asm
:FILE ././lib/src/fs_mul_t2.asm
:FILE ././lib/src/fs_tod16.asm
:FILE ././lib/src/fs_tod32.asm
:FILE ././lib/src/fs_tod_t2.asm
:FILE ././lib/src/fs_toi16.asm
:FILE ././lib/src/fs_toi32.asm
:FILE ././lib/src/fs_toi_t2.asm
:FILE ././lib/src/fs_toll16.asm
:FILE ././lib/src/fs_toll32.asm
:FILE ././lib/src/fs_toll_t2.asm
:FILE ././lib/src/fs_toll_ti_vfp.c
:FILE ././lib/src/fs_tou16.asm
:FILE ././lib/src/fs_tou32.asm
:FILE ././lib/src/fs_tou_t2.asm
:FILE ././lib/src/fs_toull16.asm
:FILE ././lib/src/fs_toull32.asm
:FILE ././lib/src/fs_toull_t2.asm
:FILE ././lib/src/fs_toull_ti_vfp.c
:FILE ././lib/src/fscanf.c
:FILE ././lib/src/fseek.c
:FILE ././lib/src/fsetpos.c
:FILE ././lib/src/fstream
:FILE ././lib/src/fstream.h
:FILE ././lib/src/ftell.c
:FILE ././lib/src/functional
:FILE ././lib/src/fwide.c
:FILE ././lib/src/fwrite.c
:FILE ././lib/src/getenv.c
:FILE ././lib/src/gmtime.c
:FILE ././lib/src/guard.cpp
:FILE ././lib/src/hash_map
:FILE ././lib/src/hash_set
:FILE ././lib/src/hypot.c
:FILE ././lib/src/hypotf.c
:FILE ././lib/src/hypotl.c
:FILE ././lib/src/i_div16.asm
:FILE ././lib/src/i_div32.asm
:FILE ././lib/src/i_divt2.asm
:FILE ././lib/src/i_tofd16.asm
:FILE ././lib/src/i_tofd32.asm
:FILE ././lib/src/i_tofd_t2.asm
:FILE ././lib/src/i_tofs16.asm
:FILE ././lib/src/i_tofs32.asm
:FILE ././lib/src/i_tofs_t2.asm
:FILE ././lib/src/icall16.asm
:FILE ././lib/src/icall32.asm
:FILE ././lib/src/ilogb.c
:FILE ././lib/src/ilogbf.c
:FILE ././lib/src/ilogbl.c
:FILE ././lib/src/imaxabs.c
:FILE ././lib/src/imaxdiv.c
:FILE ././lib/src/index.c
:FILE ././lib/src/inttypes.h
:FILE ././lib/src/iomanip
:FILE ././lib/src/iomanip.cpp
:FILE ././lib/src/iomanip.h
:FILE ././lib/src/ios
:FILE ././lib/src/ios.cpp
:FILE ././lib/src/iosfwd
:FILE ././lib/src/iostream
:FILE ././lib/src/iostream.cpp
:FILE ././lib/src/iostream.h
:FILE ././lib/src/isalnum.c
:FILE ././lib/src/isalpha.c
:FILE ././lib/src/isascii.c
:FILE ././lib/src/iscntrl.c
:FILE ././lib/src/isdigit.c
:FILE ././lib/src/isgraph.c
:FILE ././lib/src/islower.c
:FILE ././lib/src/iso646.h
:FILE ././lib/src/isprint.c
:FILE ././lib/src/ispunct.c
:FILE ././lib/src/isspace.c
:FILE ././lib/src/istream
:FILE ././lib/src/isupper.c
:FILE ././lib/src/isxdigit.c
:FILE ././lib/src/iterator
:FILE ././lib/src/ldexp.c
:FILE ././lib/src/ldexpf.c
:FILE ././lib/src/ldexpl.c
:FILE ././lib/src/lgamma.c
:FILE ././lib/src/lgammaf.c
:FILE ././lib/src/lgammal.c
:FILE ././lib/src/limits
:FILE ././lib/src/limits.cpp
:FILE ././lib/src/limits.h
:FILE ././lib/src/linkage.h
:FILE ././lib/src/list
:FILE ././lib/src/ll_asr16.asm
:FILE ././lib/src/ll_asr32.asm
:FILE ././lib/src/ll_asr_t2.asm
:FILE ././lib/src/ll_cmp16.asm
:FILE ././lib/src/ll_cmp32.asm
:FILE ././lib/src/ll_cmp_t2.asm
:FILE ././lib/src/ll_div16.asm
:FILE ././lib/src/ll_div32.asm
:FILE ././lib/src/ll_div_t2.asm
:FILE ././lib/src/ll_lsl16.asm
:FILE ././lib/src/ll_lsl32.asm
:FILE ././lib/src/ll_lsl_t2.asm
:FILE ././lib/src/ll_lsr16.asm
:FILE ././lib/src/ll_lsr32.asm
:FILE ././lib/src/ll_lsr_t2.asm
:FILE ././lib/src/ll_mul16.asm
:FILE ././lib/src/ll_mul32.asm
:FILE ././lib/src/ll_mul_t2.asm
:FILE ././lib/src/ll_tofd16.asm
:FILE ././lib/src/ll_tofd32.asm
:FILE ././lib/src/ll_tofd_t2.asm
:FILE ././lib/src/ll_tofd_ti_vfp.c
:FILE ././lib/src/ll_tofs16.asm
:FILE ././lib/src/ll_tofs32.asm
:FILE ././lib/src/ll_tofs_t2.asm
:FILE ././lib/src/ll_tofs_ti_vfp.c
:FILE ././lib/src/lldiv.c
:FILE ././lib/src/llrint.c
:FILE ././lib/src/llrintf.c
:FILE ././lib/src/llrintl.c
:FILE ././lib/src/llround.c
:FILE ././lib/src/llroundf.c
:FILE ././lib/src/llroundl.c
:FILE ././lib/src/locale
:FILE ././lib/src/locale.cpp
:FILE ././lib/src/locale.h
:FILE ././lib/src/locale0.cpp
:FILE ././lib/src/localtim.c
:FILE ././lib/src/log.c
:FILE ././lib/src/log1p.c
:FILE ././lib/src/log1pf.c
:FILE ././lib/src/log1pl.c
:FILE ././lib/src/log2.c
:FILE ././lib/src/log2f.c
:FILE ././lib/src/log2l.c
:FILE ././lib/src/log10.c
:FILE ././lib/src/log10f.c
:FILE ././lib/src/log10l.c
:FILE ././lib/src/logb.c
:FILE ././lib/src/logbf.c
:FILE ././lib/src/logbl.c
:FILE ././lib/src/logf.c
:FILE ././lib/src/logl.c
:FILE ././lib/src/lowlev.c
:FILE ././lib/src/lrint.c
:FILE ././lib/src/lrintf.c
:FILE ././lib/src/lrintl.c
:FILE ././lib/src/lround.c
:FILE ././lib/src/lroundf.c
:FILE ././lib/src/lroundl.c
:FILE ././lib/src/ltoa.c
:FILE ././lib/src/Makefile
:FILE ././lib/src/map
:FILE ././lib/src/math.h
:FILE ././lib/src/mathcpp.h
:FILE ././lib/src/memccpy.c
:FILE ././lib/src/memchr.c
:FILE ././lib/src/memcmp.c
:FILE ././lib/src/memcpy.c
:FILE ././lib/src/memcpy16.asm
:FILE ././lib/src/memcpy32.asm
:FILE ././lib/src/memcpy_t2.asm
:FILE ././lib/src/memmov.c
:FILE ././lib/src/memmove_eabi.asm
:FILE ././lib/src/memory
:FILE ././lib/src/memory.c
:FILE ././lib/src/memset16.asm
:FILE ././lib/src/memset32.asm
:FILE ././lib/src/memset_t2.asm
:FILE ././lib/src/memzero.cpp
:FILE ././lib/src/memzero.h
:FILE ././lib/src/mktime.c
:FILE ././lib/src/modf.c
:FILE ././lib/src/modff.c
:FILE ././lib/src/modfl.c
:FILE ././lib/src/multibyte.c
:FILE ././lib/src/nan.c
:FILE ././lib/src/nanf.c
:FILE ././lib/src/nanl.c
:FILE ././lib/src/nearbyint.c
:FILE ././lib/src/nearbyintf.c
:FILE ././lib/src/nearbyintl.c
:FILE ././lib/src/new
:FILE ././lib/src/new.h
:FILE ././lib/src/new_.cpp
:FILE ././lib/src/newhandler.cpp
:FILE ././lib/src/newnothrow.cpp
:FILE ././lib/src/nextafter.c
:FILE ././lib/src/nextafterf.c
:FILE ././lib/src/nextafterl.c
:FILE ././lib/src/nexttoward.c
:FILE ././lib/src/nexttowardf.c
:FILE ././lib/src/nexttowardl.c
:FILE ././lib/src/no_stm_memcpy_t2.asm
:FILE ././lib/src/no_stm_memset_t2.asm
:FILE ././lib/src/nothrow.cpp
:FILE ././lib/src/numeric
:FILE ././lib/src/ostream
:FILE ././lib/src/perror.c
:FILE ././lib/src/placedel.cpp
:FILE ././lib/src/placenew.cpp
:FILE ././lib/src/Platform_Types.h
:FILE ././lib/src/pow.c
:FILE ././lib/src/powf.c
:FILE ././lib/src/powl.c
:FILE ././lib/src/printf.c
:FILE ././lib/src/pure_virt.cpp
:FILE ././lib/src/qsort.c
:FILE ././lib/src/queue
:FILE ././lib/src/raise.c
:FILE ././lib/src/raisehan.cpp
:FILE ././lib/src/rand.c
:FILE ././lib/src/remainder.c
:FILE ././lib/src/remainderf.c
:FILE ././lib/src/remainderl.c
:FILE ././lib/src/remove.c
:FILE ././lib/src/remquo.c
:FILE ././lib/src/remquof.c
:FILE ././lib/src/remquol.c
:FILE ././lib/src/rewind.c
:FILE ././lib/src/rindex.c
:FILE ././lib/src/rint.c
:FILE ././lib/src/rintf.c
:FILE ././lib/src/rintl.c
:FILE ././lib/src/rope
:FILE ././lib/src/round.c
:FILE ././lib/src/roundf.c
:FILE ././lib/src/roundl.c
:FILE ././lib/src/rtti.cpp
:FILE ././lib/src/rtti.h
:FILE ././lib/src/runtime.h
:FILE ././lib/src/scalbln.c
:FILE ././lib/src/scalblnf.c
:FILE ././lib/src/scalblnl.c
:FILE ././lib/src/scalbn.c
:FILE ././lib/src/scalbnf.c
:FILE ././lib/src/scalbnl.c
:FILE ././lib/src/sdpbk16.asm
:FILE ././lib/src/sdpbk32.asm
:FILE ././lib/src/sdpbk_t2.asm
:FILE ././lib/src/set
:FILE ././lib/src/set_new.cpp
:FILE ././lib/src/setbuf.c
:FILE ././lib/src/setjmp.h
:FILE ././lib/src/setjmp16.asm
:FILE ././lib/src/setjmp32.asm
:FILE ././lib/src/setjmp_t2.asm
:FILE ././lib/src/setlocale.c
:FILE ././lib/src/setvbuf.c
:FILE ././lib/src/signal.c
:FILE ././lib/src/signal.h
:FILE ././lib/src/sin.c
:FILE ././lib/src/sinf.c
:FILE ././lib/src/sinh.c
:FILE ././lib/src/sinhf.c
:FILE ././lib/src/sinhl.c
:FILE ././lib/src/sinit.c
:FILE ././lib/src/sinl.c
:FILE ././lib/src/slist
:FILE ././lib/src/snprintf.c
:FILE ././lib/src/sprintf.c
:FILE ././lib/src/sqrt.c
:FILE ././lib/src/sqrtf.c
:FILE ././lib/src/sqrtl.c
:FILE ././lib/src/sscanf.c
:FILE ././lib/src/sstream
:FILE ././lib/src/stack
:FILE ././lib/src/Std_Types.h
:FILE ././lib/src/stdarg.h
:FILE ././lib/src/stdbool.h
:FILE ././lib/src/stddef.h
:FILE ././lib/src/stdexcept
:FILE ././lib/src/stdint.h
:FILE ././lib/src/stdio.h
:FILE ././lib/src/stdiostream.h
:FILE ././lib/src/stdlib.h
:FILE ././lib/src/stkchk16.asm
:FILE ././lib/src/stkchk32.asm
:FILE ././lib/src/stkchk_t2.asm
:FILE ././lib/src/stkdepth.c
:FILE ././lib/src/stkdepth_vars.c
:FILE ././lib/src/stl.h
:FILE ././lib/src/stox.c
:FILE ././lib/src/strcasecmp.c
:FILE ././lib/src/strcat.c
:FILE ././lib/src/strchr.c
:FILE ././lib/src/strcmp.c
:FILE ././lib/src/strcoll.c
:FILE ././lib/src/strcpy.c
:FILE ././lib/src/strcspn.c
:FILE ././lib/src/strdup.c
:FILE ././lib/src/streambuf
:FILE ././lib/src/strerror.c
:FILE ././lib/src/strftime.c
:FILE ././lib/src/string
:FILE ././lib/src/string.cpp
:FILE ././lib/src/string.h
:FILE ././lib/src/strings.h
:FILE ././lib/src/strlen.c
:FILE ././lib/src/strncasecmp.c
:FILE ././lib/src/strncat.c
:FILE ././lib/src/strncmp.c
:FILE ././lib/src/strncpy.c
:FILE ././lib/src/strpbrk.c
:FILE ././lib/src/strrchr.c
:FILE ././lib/src/strspn.c
:FILE ././lib/src/strstr.c
:FILE ././lib/src/strstrea.cpp
:FILE ././lib/src/strstream
:FILE ././lib/src/strstream.h
:FILE ././lib/src/strtod.c
:FILE ././lib/src/strtoimax.c
:FILE ././lib/src/strtok.c
:FILE ././lib/src/strtol.c
:FILE ././lib/src/strtold.c
:FILE ././lib/src/strtoll.c
:FILE ././lib/src/strtoul.c
:FILE ././lib/src/strtoull.c
:FILE ././lib/src/strtoumax.c
:FILE ././lib/src/strxfrm.c
:FILE ././lib/src/tan.c
:FILE ././lib/src/tanf.c
:FILE ././lib/src/tanh.c
:FILE ././lib/src/tanhf.c
:FILE ././lib/src/tanhl.c
:FILE ././lib/src/tanl.c
:FILE ././lib/src/tdeh_arm.h
:FILE ././lib/src/tdeh_common.h
:FILE ././lib/src/tdeh_cpp_abi.cpp
:FILE ././lib/src/tdeh_init.cpp
:FILE ././lib/src/tdeh_pr_arm.cpp
:FILE ././lib/src/tdeh_pr_common.cpp
:FILE ././lib/src/tdeh_unwinder.cpp
:FILE ././lib/src/tdeh_uwentry16.asm
:FILE ././lib/src/tdeh_uwentry_arm.asm
:FILE ././lib/src/tdeh_uwentry_t2.asm
:FILE ././lib/src/tgamma.c
:FILE ././lib/src/tgammaf.c
:FILE ././lib/src/tgammal.c
:FILE ././lib/src/throw.cpp
:FILE ././lib/src/throw_edg.cpp
:FILE ././lib/src/time.c
:FILE ././lib/src/time.h
:FILE ././lib/src/tmpfile.c
:FILE ././lib/src/tmpnam.c
:FILE ././lib/src/tmzone.c
:FILE ././lib/src/toascii.c
:FILE ././lib/src/tolower.c
:FILE ././lib/src/toupper.c
:FILE ././lib/src/trgcio.h
:FILE ././lib/src/trgdrv.c
:FILE ././lib/src/trgmsg.c
:FILE ././lib/src/trunc.c
:FILE ././lib/src/truncf.c
:FILE ././lib/src/truncl.c
:FILE ././lib/src/typeinfo
:FILE ././lib/src/typeinfo_.cpp
:FILE ././lib/src/u_div16.asm
:FILE ././lib/src/u_div32.asm
:FILE ././lib/src/u_divt2.asm
:FILE ././lib/src/u_tofd16.asm
:FILE ././lib/src/u_tofd32.asm
:FILE ././lib/src/u_tofd_t2.asm
:FILE ././lib/src/u_tofs16.asm
:FILE ././lib/src/u_tofs32.asm
:FILE ././lib/src/u_tofs_t2.asm
:FILE ././lib/src/ull_cmp16.asm
:FILE ././lib/src/ull_cmp32.asm
:FILE ././lib/src/ull_cmp_t2.asm
:FILE ././lib/src/ull_div16.asm
:FILE ././lib/src/ull_div32.asm
:FILE ././lib/src/ull_div_t2.asm
:FILE ././lib/src/ull_tofd16.asm
:FILE ././lib/src/ull_tofd32.asm
:FILE ././lib/src/ull_tofd_t2.asm
:FILE ././lib/src/ull_tofd_ti_vfp.c
:FILE ././lib/src/ull_tofs16.asm
:FILE ././lib/src/ull_tofs32.asm
:FILE ././lib/src/ull_tofs_t2.asm
:FILE ././lib/src/ull_tofs_ti_vfp.c
:FILE ././lib/src/umull16.asm
:FILE ././lib/src/unaccess.h
:FILE ././lib/src/unaligned.asm
:FILE ././lib/src/unaligned_t2.asm
:FILE ././lib/src/ungetc.c
:FILE ././lib/src/utility
:FILE ././lib/src/valarray
:FILE ././lib/src/vars.cpp
:FILE ././lib/src/vec_cctor.cpp
:FILE ././lib/src/vec_newdel.cpp
:FILE ././lib/src/vec_newdel.h
:FILE ././lib/src/vector
:FILE ././lib/src/vfprintf.c
:FILE ././lib/src/vla_alloc.cpp
:FILE ././lib/src/vla_alloc.h
:FILE ././lib/src/vprintf.c
:FILE ././lib/src/vsnprintf.c
:FILE ././lib/src/vsprintf.c
:FILE ././lib/src/vtbl.h
:FILE ././lib/src/wchar.cx
:FILE ././lib/src/wchar.h
:FILE ././lib/src/wchar.hx
:FILE ././lib/src/wctype.c
:FILE ././lib/src/wctype.h
:FILE ././lib/src/wiostrea.cpp
:FILE ././lib/src/wlocale.cpp
:FILE ././lib/src/xatan.c
:FILE ././lib/src/xatexit.cx0
:FILE ././lib/src/xcomplex
:FILE ././lib/src/xcosh.c
:FILE ././lib/src/xdclass.c
:FILE ././lib/src/xdebug
:FILE ././lib/src/xdint.c
:FILE ././lib/src/xdnorm.c
:FILE ././lib/src/xdscale.c
:FILE ././lib/src/xdsign.c
:FILE ././lib/src/xdtest.c
:FILE ././lib/src/xdunscal.c
:FILE ././lib/src/xerfc.c
:FILE ././lib/src/xerrno.cx
:FILE ././lib/src/xexp.c
:FILE ././lib/src/xfatan.c
:FILE ././lib/src/xfcosh.c
:FILE ././lib/src/xfdclass.c
:FILE ././lib/src/xfdint.c
:FILE ././lib/src/xfdnorm.c
:FILE ././lib/src/xfdscale.c
:FILE ././lib/src/xfdsign.c
:FILE ././lib/src/xfdtest.c
:FILE ././lib/src/xfdunsca.c
:FILE ././lib/src/xferaise.c
:FILE ././lib/src/xferfc.c
:FILE ././lib/src/xfexp.c
:FILE ././lib/src/xffpcomp.c
:FILE ././lib/src/xfhypot.c
:FILE ././lib/src/xflgamma.c
:FILE ././lib/src/xfloat.c
:FILE ././lib/src/xflog.c
:FILE ././lib/src/xfpcomp.c
:FILE ././lib/src/xfpoly.c
:FILE ././lib/src/xfpostox.cpp
:FILE ././lib/src/xfsin.c
:FILE ././lib/src/xfsinh.c
:FILE ././lib/src/xftgamma.c
:FILE ././lib/src/xfvalues.c
:FILE ././lib/src/xhash
:FILE ././lib/src/xhypot.c
:FILE ././lib/src/xiosbase
:FILE ././lib/src/xlatan.c
:FILE ././lib/src/xlcosh.c
:FILE ././lib/src/xldclass.c
:FILE ././lib/src/xldint.c
:FILE ././lib/src/xldnorm.c
:FILE ././lib/src/xldscale.c
:FILE ././lib/src/xldsign.c
:FILE ././lib/src/xldtest.c
:FILE ././lib/src/xldunsca.c
:FILE ././lib/src/xlerfc.c
:FILE ././lib/src/xlexp.c
:FILE ././lib/src/xlfpcomp.c
:FILE ././lib/src/xlgamma.c
:FILE ././lib/src/xlhypot.c
:FILE ././lib/src/xllgamma.c
:FILE ././lib/src/xllog.c
:FILE ././lib/src/xlocale
:FILE ././lib/src/xlocale.cpp
:FILE ././lib/src/xlocinfo
:FILE ././lib/src/xlocinfo.cpp
:FILE ././lib/src/xlocinfo.h
:FILE ././lib/src/xlocmes
:FILE ././lib/src/xlocmon
:FILE ././lib/src/xlocnum
:FILE ././lib/src/xloctime
:FILE ././lib/src/xlog.c
:FILE ././lib/src/xlpoly.c
:FILE ././lib/src/xlsin.c
:FILE ././lib/src/xlsinh.c
:FILE ././lib/src/xltgamma.c
:FILE ././lib/src/xlvalues.c
:FILE ././lib/src/xmath.h
:FILE ././lib/src/xmemory
:FILE ././lib/src/xmtx.h
:FILE ././lib/src/xpoly.c
:FILE ././lib/src/xsin.c
:FILE ././lib/src/xsinh.c
:FILE ././lib/src/xstddef
:FILE ././lib/src/xstring
:FILE ././lib/src/xtgamma.c
:FILE ././lib/src/xtls.h
:FILE ././lib/src/xtree
:FILE ././lib/src/xutility
:FILE ././lib/src/xvalues.c
:FILE ././lib/src/xwcc.h
:FILE ././lib/src/xxacos.h
:FILE ././lib/src/xxacosh.h
:FILE ././lib/src/xxasin.h
:FILE ././lib/src/xxasinh.h
:FILE ././lib/src/xxatan.h
:FILE ././lib/src/xxatan2.h
:FILE ././lib/src/xxatanh.h
:FILE ././lib/src/xxcbrt.h
:FILE ././lib/src/xxcctype.h
:FILE ././lib/src/xxceil.h
:FILE ././lib/src/xxcos.h
:FILE ././lib/src/xxcosh.h
:FILE ././lib/src/xxdftype.h
:FILE ././lib/src/xxerf.h
:FILE ././lib/src/xxerfc.h
:FILE ././lib/src/xxexp.h
:FILE ././lib/src/xxexp2.h
:FILE ././lib/src/xxexpm1.h
:FILE ././lib/src/xxfabs.h
:FILE ././lib/src/xxfdim.h
:FILE ././lib/src/xxfftype.h
:FILE ././lib/src/xxfloor.h
:FILE ././lib/src/xxfma.h
:FILE ././lib/src/xxfmax.h
:FILE ././lib/src/xxfmin.h
:FILE ././lib/src/xxfmod.h
:FILE ././lib/src/xxfrexp.h
:FILE ././lib/src/xxhypot.h
:FILE ././lib/src/xxilogb.h
:FILE ././lib/src/xxldexp.h
:FILE ././lib/src/xxlftype.h
:FILE ././lib/src/xxlgamma.h
:FILE ././lib/src/xxllrint.h
:FILE ././lib/src/xxllround.h
:FILE ././lib/src/xxlog.h
:FILE ././lib/src/xxlog1p.h
:FILE ././lib/src/xxlog2.h
:FILE ././lib/src/xxlog10.h
:FILE ././lib/src/xxlogb.h
:FILE ././lib/src/xxlrint.h
:FILE ././lib/src/xxlround.h
:FILE ././lib/src/xxmodf.h
:FILE ././lib/src/xxnan.h
:FILE ././lib/src/xxnearbyint.h
:FILE ././lib/src/xxnextafter.h
:FILE ././lib/src/xxpow.h
:FILE ././lib/src/xxremainder.h
:FILE ././lib/src/xxremquo.h
:FILE ././lib/src/xxrint.h
:FILE ././lib/src/xxround.h
:FILE ././lib/src/xxscalbln.h
:FILE ././lib/src/xxscalbn.h
:FILE ././lib/src/xxsin.h
:FILE ././lib/src/xxsinh.h
:FILE ././lib/src/xxsqrt.h
:FILE ././lib/src/xxstod.h
:FILE ././lib/src/xxtan.h
:FILE ././lib/src/xxtanh.h
:FILE ././lib/src/xxtgamma.h
:FILE ././lib/src/xxtrunc.h
:FILE ././lib/src/xxxatan.h
:FILE ././lib/src/xxxcosh.h
:FILE ././lib/src/xxxdclass.h
:FILE ././lib/src/xxxdsign.h
:FILE ././lib/src/xxxdtent.h
:FILE ././lib/src/xxxerfc.h
:FILE ././lib/src/xxxexp.h
:FILE ././lib/src/xxxfpcomp.h
:FILE ././lib/src/xxxhypot.h
:FILE ././lib/src/xxxlgamma.h
:FILE ././lib/src/xxxlog.h
:FILE ././lib/src/xxxpoly.h
:FILE ././lib/src/xxxsin.h
:FILE ././lib/src/xxxsinh.h
:FILE ././lib/src/xxxtgamma.h
:FILE ././lib/src/ymath.h
:FILE ././lib/src/yvals.h
:DIR ././man
:DIR ././man/man1
:FILE ././man/man1/armabs.1
:FILE ././man/man1/armacp.1
:FILE ././man/man1/armacpia.1
:FILE ././man/man1/armadv.1
:FILE ././man/man1/armasm.1
:FILE ././man/man1/armcbe.1
:FILE ././man/man1/armcbeia.1
:FILE ././man/man1/armcg.1
:FILE ././man/man1/armcl.1
:FILE ././man/man1/armdem.1
:FILE ././man/man1/armdis.1
:FILE ././man/man1/armembed.1
:FILE ././man/man1/armhex.1
:FILE ././man/man1/armilk.1
:FILE ././man/man1/armlibinfo.1
:FILE ././man/man1/armlnk.1
:FILE ././man/man1/armnm.1
:FILE ././man/man1/armofd.1
:FILE ././man/man1/armopt.1
:FILE ././man/man1/armstrip.1
:FILE ././man/man1/armxref.1
:FILE /data/datalocal_videoapps01/ipnc_tools/ti_tools/cgt470_5_1_3/install.log
