:DIR ././bin
:FILE ././bin/abs6x
:FILE ././bin/acp6x
:FILE ././bin/acpia6x
:FILE ././bin/ap6x
:FILE ././bin/ap6x3
:FILE ././bin/ar6x
:FILE ././bin/asm6x
:FILE ././bin/cg6x
:FILE ././bin/cg6x3
:FILE ././bin/ci6x
:FILE ././bin/cl6x
:FILE ././bin/clist6x
:FILE ././bin/clt6x
:FILE ././bin/cmp6x
:FILE ././bin/dem6x
:FILE ././bin/dis6x
:FILE ././bin/embed6x
:FILE ././bin/hex6x
:FILE ././bin/ilk6x
:FILE ././bin/libinfo6x
:FILE ././bin/lnk6x
:FILE ././bin/mk6x
:FILE ././bin/nm6x
:FILE ././bin/ofd6x
:FILE ././bin/opt6x
:FILE ././bin/pdd6x
:FILE ././bin/pprof6x
:FILE ././bin/prelink6x
:FILE ././bin/strip6x
:FILE ././bin/xref6x
:FILE ././LICENSE.txt
:FILE ././DefectHistory.txt
:FILE ././README.txt
:DIR ././prelink
:FILE ././prelink/prelink_README.txt
:DIR ././prelink/prelink_dependents
:FILE ././prelink/prelink_dependents/a.c
:FILE ././prelink/prelink_dependents/b.c
:FILE ././prelink/prelink_dependents/build_dlls
:FILE ././prelink/prelink_dependents/c.c
:FILE ././prelink/prelink_dependents/d.c
:FILE ././prelink/prelink_dependents/depends.cmd
:FILE ././prelink/prelink_dependents/driver.c
:FILE ././prelink/prelink_dependents/format.h
:FILE ././prelink/prelink_dependents/printf.c
:DIR ././prelink/prelink_dsbt_assistance
:FILE ././prelink/prelink_dsbt_assistance/a.c
:FILE ././prelink/prelink_dsbt_assistance/b.c
:FILE ././prelink/prelink_dsbt_assistance/build_dyn_objs
:FILE ././prelink/prelink_dsbt_assistance/c.c
:FILE ././prelink/prelink_dsbt_assistance/d.c
:FILE ././prelink/prelink_dsbt_assistance/driver.c
:FILE ././prelink/prelink_dsbt_assistance/dsbt_ex_1.cmd
:FILE ././prelink/prelink_dsbt_assistance/dsbt_ex_2.cmd
:FILE ././prelink/prelink_dsbt_assistance/format.h
:FILE ././prelink/prelink_dsbt_assistance/instructions.txt
:FILE ././prelink/prelink_dsbt_assistance/main.c
:FILE ././prelink/prelink_dsbt_assistance/printf.c
:FILE ././prelink/prelink_dsbt_assistance/rebuild_some_dlls
:DIR ././prelink/prelink_dyn_exe
:FILE ././prelink/prelink_dyn_exe/build_dyn_exe
:FILE ././prelink/prelink_dyn_exe/hello.c
:FILE ././prelink/prelink_dyn_exe/hello.exe
:FILE ././prelink/prelink_dyn_exe/hello_1.cmd
:FILE ././prelink/prelink_dyn_exe/hello_2.cmd
:FILE ././prelink/prelink_dyn_exe/hello_3.cmd
:FILE ././prelink/prelink_dyn_exe/hello_4.cmd
:DIR ././prelink/prelink_xip_segment
:FILE ././prelink/prelink_xip_segment/build_dyn_exe
:FILE ././prelink/prelink_xip_segment/hello.c
:FILE ././prelink/prelink_xip_segment/hello_lnk.cmd
:FILE ././prelink/prelink_xip_segment/prelink_hello.cmd
:DIR ././include
:FILE ././include/_data_synch.h
:FILE ././include/_fmt_specifier.h
:FILE ././include/_isfuncdcl.h
:FILE ././include/_isfuncdef.h
:FILE ././include/_lock.h
:FILE ././include/_mutex.h
:FILE ././include/_pthread.h
:FILE ././include/_reg_mutex_api.h
:FILE ././include/_reg_synch_api.h
:FILE ././include/_tls.h
:FILE ././include/access.h
:FILE ././include/algorithm
:FILE ././include/assert.h
:FILE ././include/bitset
:FILE ././include/c6x.h
:FILE ././include/c60asm.i
:FILE ././include/cassert
:FILE ././include/cctype
:FILE ././include/cerrno
:FILE ././include/cfloat
:FILE ././include/ciso646
:FILE ././include/climits
:FILE ././include/clocale
:FILE ././include/cmath
:FILE ././include/complex
:FILE ././include/complex.h
:FILE ././include/cpp_inline_math.h
:FILE ././include/cpy_tbl.h
:FILE ././include/csetjmp
:FILE ././include/csignal
:FILE ././include/cstdarg
:FILE ././include/cstddef
:FILE ././include/cstdio
:FILE ././include/cstdlib
:FILE ././include/cstring
:FILE ././include/ctime
:FILE ././include/ctype.h
:FILE ././include/cwchar
:FILE ././include/cwctype
:FILE ././include/deque
:FILE ././include/elf_linkage.h
:FILE ././include/elfnames.h
:FILE ././include/errno.h
:FILE ././include/exception
:FILE ././include/file.h
:FILE ././include/float.h
:FILE ././include/fstream
:FILE ././include/fstream.h
:FILE ././include/functional
:FILE ././include/gsm.h
:FILE ././include/hash_map
:FILE ././include/hash_set
:FILE ././include/inttypes.h
:FILE ././include/iomanip
:FILE ././include/iomanip.h
:FILE ././include/ios
:FILE ././include/iosfwd
:FILE ././include/iostream
:FILE ././include/iostream.h
:FILE ././include/iso646.h
:FILE ././include/istream
:FILE ././include/iterator
:FILE ././include/limits
:FILE ././include/limits.h
:FILE ././include/linkage.h
:FILE ././include/list
:FILE ././include/locale
:FILE ././include/locale.h
:FILE ././include/map
:FILE ././include/math.h
:FILE ././include/mathf.h
:FILE ././include/mathl.h
:FILE ././include/memory
:FILE ././include/new
:FILE ././include/new.h
:FILE ././include/numeric
:FILE ././include/ostream
:FILE ././include/pprof.h
:FILE ././include/queue
:FILE ././include/rope
:FILE ././include/set
:FILE ././include/setjmp.h
:FILE ././include/signal.h
:FILE ././include/slist
:FILE ././include/sstream
:FILE ././include/stack
:FILE ././include/stdarg.h
:FILE ././include/stdbool.h
:FILE ././include/stddef.h
:FILE ././include/stdexcept
:FILE ././include/stdint.h
:FILE ././include/stdio.h
:FILE ././include/stdiostream.h
:FILE ././include/stdlib.h
:FILE ././include/stl.h
:FILE ././include/streambuf
:FILE ././include/string
:FILE ././include/string.h
:FILE ././include/strstream
:FILE ././include/strstream.h
:FILE ././include/time.h
:FILE ././include/typeinfo
:FILE ././include/unaccess.h
:FILE ././include/utility
:FILE ././include/valarray
:FILE ././include/vect.h
:FILE ././include/vector
:FILE ././include/wchar.h
:FILE ././include/wchar.hx
:FILE ././include/wctype.h
:FILE ././include/xcomplex
:FILE ././include/xdebug
:FILE ././include/xhash
:FILE ././include/xiosbase
:FILE ././include/xlocale
:FILE ././include/xlocinfo
:FILE ././include/xlocinfo.h
:FILE ././include/xlocmes
:FILE ././include/xlocmon
:FILE ././include/xlocnum
:FILE ././include/xloctime
:FILE ././include/xmemory
:FILE ././include/xstddef
:FILE ././include/xstring
:FILE ././include/xtree
:FILE ././include/xutility
:FILE ././include/xwcc.h
:FILE ././include/ymath.h
:FILE ././include/yvals.h
:DIR ././lib
:FILE ././lib/libc.a
:FILE ././lib/lnk.cmd
:FILE ././lib/mklib
:FILE ././lib/mklib.c
:FILE ././lib/mklib.exe
:FILE ././lib/rts64plus.lib
:FILE ././lib/rts64plus_elf.lib
:FILE ././lib/rts64pluse.lib
:FILE ././lib/rts64pluse_elf.lib
:FILE ././lib/rts6200.lib
:FILE ././lib/rts6400.lib
:FILE ././lib/rts6400e.lib
:FILE ././lib/rts6400e_elf.lib
:FILE ././lib/rts6600_elf.lib
:FILE ././lib/rts6600_elf_mt.lib
:FILE ././lib/rts6600e_elf.lib
:FILE ././lib/rts6600e_elf_mt.lib
:FILE ././lib/rts6740.lib
:FILE ././lib/rts6740_elf.lib
:FILE ././lib/rts6740e.lib
:FILE ././lib/rts6740e_elf.lib
:FILE ././lib/RTS_7_4_6_Manifest.pdf
:FILE ././lib/rtssrc.zip
:DIR ././man
:DIR ././man/man1
:FILE ././man/man1/abs6x.1
:FILE ././man/man1/acp6x.1
:FILE ././man/man1/acpia6x.1
:FILE ././man/man1/ap6x.1
:FILE ././man/man1/ap6x3.1
:FILE ././man/man1/asm6x.1
:FILE ././man/man1/cbe6x.1
:FILE ././man/man1/cbeia6x.1
:FILE ././man/man1/cg6x.1
:FILE ././man/man1/cg6x3.1
:FILE ././man/man1/ci6x.1
:FILE ././man/man1/cl6x.1
:FILE ././man/man1/clt6x.1
:FILE ././man/man1/dem6x.1
:FILE ././man/man1/dis6x.1
:FILE ././man/man1/embed6x.1
:FILE ././man/man1/hex6x.1
:FILE ././man/man1/ilk6x.1
:FILE ././man/man1/libinfo6x.1
:FILE ././man/man1/lnk6x.1
:FILE ././man/man1/nm6x.1
:FILE ././man/man1/ofd6x.1
:FILE ././man/man1/opt6x.1
:FILE ././man/man1/pdd6x.1
:FILE ././man/man1/pprof6x.1
:FILE ././man/man1/prelink6x.1
:FILE ././man/man1/strip6x.1
:FILE ././man/man1/xref6x.1
:DIR ././doc
:FILE ././doc/C6000_TLS.docx
:FILE ././doc/README.txt
:FILE ././doc/SPRAB90.pdf
:FILE ././doc/SPRU186W.pdf
:FILE ././doc/SPRU187U.pdf
:FILE /data/datalocal_videoapps01/ipnc_tools/ti_tools/cgt6x_7_4_6/install.log
